2025-11-15 21:47:01,362 - INFO - 配置已更新 - 高偏离度阈值: 10.0%, 小数位数: 6
2025-11-16 10:14:00,238 - INFO - 配置已更新 - 高偏离度阈值: 10.0%, 小数位数: 6
2025-11-16 10:14:25,328 - INFO - 准备开始分析...
2025-11-16 10:14:25,331 - INFO - 开始读取数据...
2025-11-16 10:14:27,656 - INFO - 成功读取数据: D:\工作-新\会计核算偏离度\裕华区\导出数据 (31).xlsx
2025-11-16 10:15:52,084 - INFO - 准备开始分析...
2025-11-16 10:15:52,086 - INFO - 开始读取数据...
2025-11-16 10:15:54,395 - INFO - 成功读取数据: D:\工作-新\会计核算偏离度\裕华区\导出数据 (31).xlsx
2025-11-16 10:21:11,860 - INFO - 准备开始分析...
2025-11-16 10:21:11,862 - INFO - 开始读取数据...
2025-11-16 10:21:14,262 - INFO - 成功读取数据: D:\工作-新\会计核算偏离度\裕华区\导出数据 (31).xlsx
2025-11-16 10:21:14,269 - INFO - 成功读取数据: D:\工作-新\会计核算偏离度\裕华区\会计核算 (40).xls
2025-11-16 10:21:14,272 - INFO - 开始处理预算执行数据...
2025-11-16 10:21:14,312 - INFO - 预算执行数据处理完成: 11163 -> 134 条记录
2025-11-16 10:21:14,312 - INFO - 开始处理会计核算数据...
2025-11-16 10:21:14,316 - INFO - 会计核算数据处理完成: 136 -> 134 条记录
2025-11-16 10:21:14,316 - INFO - 开始合并数据并计算偏离度...
2025-11-16 10:21:14,322 - INFO - 数据合并完成，共 134 条记录
2025-11-16 10:21:14,322 - INFO - 开始保存结果到: 会计核算财政资金偏离度_20251116_102102.xlsx
2025-11-16 10:21:14,406 - INFO - Excel格式化完成: 会计核算财政资金偏离度_20251116_102102.xlsx
2025-11-16 10:21:14,406 - INFO - 分析结果已保存到: 会计核算财政资金偏离度_20251116_102102.xlsx
2025-11-16 11:41:21,728 - INFO - 准备开始分析...
2025-11-16 11:41:21,730 - INFO - 开始读取数据...
2025-11-16 11:41:24,053 - INFO - 成功读取数据: D:\工作-新\会计核算偏离度\裕华区\导出数据 (31).xlsx
2025-11-16 11:41:24,058 - INFO - 成功读取数据: D:\工作-新\会计核算偏离度\裕华区\会计核算 (40).xls
2025-11-16 11:41:24,058 - INFO - 开始处理预算执行数据...
2025-11-16 11:41:24,081 - INFO - 预算执行数据处理完成: 11163 -> 134 条记录
2025-11-16 11:41:24,081 - INFO - 开始处理会计核算数据...
2025-11-16 11:41:24,084 - INFO - 会计核算数据处理完成: 136 -> 134 条记录
2025-11-16 11:41:24,084 - INFO - 开始合并数据并计算偏离度...
2025-11-16 11:41:24,087 - INFO - 数据合并完成，共 134 条记录
2025-11-16 11:41:24,088 - INFO - 开始保存结果到: D:\学习\PythonProject\test\会计核算财政资金偏离度_20251116_114057.xlsx
2025-11-16 11:41:24,178 - INFO - Excel格式化完成: D:\学习\PythonProject\test\会计核算财政资金偏离度_20251116_114057.xlsx
2025-11-16 11:41:24,178 - INFO - 分析结果已保存到: D:\学习\PythonProject\test\会计核算财政资金偏离度_20251116_114057.xlsx
2025-11-16 13:12:42,127 - INFO - 配置已更新 - 高偏离度阈值: 10.0%, 小数位数: 6
2025-11-16 13:15:31,211 - INFO - 应用程序已启动
2025-11-16 13:17:44,351 - INFO - 应用程序已启动
2025-11-16 13:18:56,025 - INFO - 应用程序已启动
2025-11-16 13:20:17,483 - INFO - 应用程序已启动
2025-11-16 13:20:23,307 - INFO - 应用程序已启动
2025-11-16 13:20:30,353 - INFO - 应用程序已启动
2025-11-16 13:20:36,447 - INFO - 应用程序已启动
2025-11-16 13:20:48,241 - INFO - 应用程序已启动
2025-11-16 13:23:30,168 - INFO - 应用程序已启动
2025-11-16 13:25:55,363 - INFO - 应用程序已启动
2025-11-16 13:26:48,529 - INFO - 应用程序已启动
2025-11-16 13:26:59,222 - INFO - 应用程序已启动
2025-11-16 13:30:06,808 - INFO - 应用程序已启动
2025-11-16 13:30:11,833 - INFO - 应用程序已启动
2025-11-16 20:34:23,665 - INFO - 应用程序已启动
2025-11-16 20:34:28,913 - INFO - 应用程序已启动
2025-11-16 20:34:33,292 - INFO - 应用程序已启动
2025-11-16 21:03:29,974 - INFO - 应用程序已启动
2025-11-16 21:03:37,384 - INFO - 配置已更新 - 高偏离度阈值: 6%, 小数位数: 6
2025-11-16 21:03:52,875 - INFO - 准备开始分析...
2025-11-16 21:03:52,879 - INFO - 开始读取数据...
2025-11-16 21:03:55,259 - INFO - 成功读取数据: D:\工作-新\会计核算偏离度\裕华区\导出数据 (31).xlsx
2025-11-16 21:03:55,265 - INFO - 成功读取数据: D:\工作-新\会计核算偏离度\裕华区\会计核算 (40).xls
2025-11-16 21:03:55,268 - INFO - 开始处理预算执行数据...
2025-11-16 21:03:55,304 - INFO - 预算执行数据处理完成: 11163 -> 134 条记录
2025-11-16 21:03:55,305 - INFO - 开始处理会计核算数据...
2025-11-16 21:03:55,309 - INFO - 会计核算数据处理完成: 136 -> 134 条记录
2025-11-16 21:03:55,309 - INFO - 开始合并数据并计算偏离度...
2025-11-16 21:03:55,314 - INFO - 数据合并完成，共 134 条记录
2025-11-16 21:03:55,314 - INFO - 开始保存结果到: 会计核算财政资金偏离度_20251116_210329.xlsx
2025-11-16 21:03:55,412 - INFO - Excel格式化完成: 会计核算财政资金偏离度_20251116_210329.xlsx
2025-11-16 21:03:55,412 - INFO - 分析结果已保存到: 会计核算财政资金偏离度_20251116_210329.xlsx
2025-11-16 23:04:22,156 - INFO - 三保支出进度工具启动
2025-11-16 23:04:22,160 - INFO - 应用程序已启动
2025-11-16 23:04:31,816 - INFO - 已选择文件: C:/Users/YANGZP/Downloads/导出数据 (3).xlsx
2025-11-16 23:04:33,556 - INFO - 成功加载数据文件: C:/Users/YANGZP/Downloads/导出数据 (3).xlsx，共 2184 行记录
2025-11-16 23:04:33,572 - INFO - 已更新三保标识 (10 个) 和预算单位 (95 个) 复选框
2025-11-16 23:04:36,690 - INFO - 三保标识全选: 共 10 个标识
2025-11-16 23:09:46,952 - INFO - 三保支出进度工具启动
2025-11-16 23:09:57,206 - INFO - 已选择文件: C:/Users/YANGZP/Downloads/导出数据 (3).xlsx
2025-11-16 23:09:58,913 - INFO - 成功加载数据文件: C:/Users/YANGZP/Downloads/导出数据 (3).xlsx，共 2184 行记录
2025-11-16 23:09:58,931 - INFO - 已更新三保标识 (10 个) 和预算单位 (95 个) 复选框
2025-11-16 23:10:00,053 - INFO - 三保标识全选: 共 10 个标识
2025-11-16 23:10:02,791 - INFO - 预算单位全选: 共 95 个单位
2025-11-16 23:10:04,380 - INFO - 开始数据分析...
2025-11-16 23:10:04,388 - INFO - 数据分析完成，生成 266 行汇总结果
2025-11-16 23:10:04,391 - INFO - 正在生成分析结果...
2025-11-16 23:10:06,793 - INFO - 已选择输出文件路径: D:/学习/PythonProject/test/三保支出进度_20251116_231004.xlsx
2025-11-16 23:10:06,793 - INFO - 正在保存分析结果...
2025-11-16 23:10:06,933 - INFO - 分析结果已保存: D:/学习/PythonProject/test/三保支出进度_20251116_231004.xlsx
2025-11-18 11:04:06,257 - INFO - 应用程序已启动
2025-11-18 11:04:25,612 - INFO - 三保支出进度工具启动
